e:\github\douaclase\douaclase\debug\vc142.pdb
e:\github\douaclase\douaclase\debug\vc142.idb
e:\github\douaclase\douaclase\debug\douaclase.obj
e:\github\douaclase\douaclase\debug\becreglabil.obj
e:\github\douaclase\douaclase\debug\candelabru.obj
e:\github\capitolul07\douaclase\douaclase\debug\vc142.pdb
e:\github\capitolul07\douaclase\douaclase\debug\vc142.idb
e:\github\capitolul07\douaclase\douaclase\debug\douaclase.obj
e:\github\capitolul07\douaclase\douaclase\debug\candelabru.obj
e:\github\capitolul07\douaclase\douaclase\debug\becreglabil.obj
e:\github\douaclase\debug\douaclase.exe
e:\github\douaclase\debug\douaclase.ilk
e:\github\douaclase\debug\douaclase.pdb
e:\github\capitolul07\douaclase\debug\douaclase.ilk
e:\github\capitolul07\douaclase\debug\douaclase.exe
e:\github\capitolul07\douaclase\debug\douaclase.pdb
e:\github\douaclase\douaclase\debug\douaclase.res
e:\github\capitolul07\douaclase\douaclase\debug\douaclase.res
e:\github\capitolul07\douaclase\douaclase\debug\douaclase.tlog\cl.command.1.tlog
e:\github\capitolul07\douaclase\douaclase\debug\douaclase.tlog\cl.read.1.tlog
e:\github\capitolul07\douaclase\douaclase\debug\douaclase.tlog\cl.write.1.tlog
e:\github\capitolul07\douaclase\douaclase\debug\douaclase.tlog\link.command.1.tlog
e:\github\capitolul07\douaclase\douaclase\debug\douaclase.tlog\link.read.1.tlog
e:\github\capitolul07\douaclase\douaclase\debug\douaclase.tlog\link.write.1.tlog
e:\github\capitolul07\douaclase\douaclase\debug\douaclase.tlog\rc.command.1.tlog
e:\github\capitolul07\douaclase\douaclase\debug\douaclase.tlog\rc.read.1.tlog
e:\github\capitolul07\douaclase\douaclase\debug\douaclase.tlog\rc.write.1.tlog
